[09-28 11:57:33]: [INFO] Created column 'regdate' and set the current timestamp, 1664355453772, to all 0 rows
[09-28 11:57:33]: [INFO] SQLite Setup finished
[09-28 11:57:34]: [INFO] Hooked into LuckPerms!
[09-28 11:57:34]: [INFO] Hooked successfully into Essentials
[09-28 11:57:34]: [INFO] Hooked successfully into Multiverse-Core
[09-28 11:57:35]: [INFO] AuthMe 5.6.0-beta2 build n.2453 successfully enabled!
[09-28 11:57:48]: [INFO] Hooked successfully into CMI
[09-28 11:57:53]: [INFO] Downloading GEO IP database, because the old database is older than 30 days or doesn't exist
[09-28 11:57:53]: [WARN] No MaxMind credentials found in the configuration file! GeoIp protections will be disabled.
[09-28 11:57:53]: [INFO] There is no newer GEO IP database uploaded to MaxMind. Using the old one for now.
[09-28 11:57:53]: [WARN] Could not download GeoLiteAPI database [FileNotFoundException]: plugins\AuthMe\GeoLite2-Country.mmdb (Не удается найти указанный файл)
[09-28 11:57:53]: java.io.FileNotFoundException: plugins\AuthMe\GeoLite2-Country.mmdb (Не удается найти указанный файл)
	at java.io.RandomAccessFile.open0(Native Method)
	at java.io.RandomAccessFile.open(Unknown Source)
	at java.io.RandomAccessFile.<init>(Unknown Source)
	at fr.xephi.authme.libs.com.maxmind.db.BufferHolder.<init>(BufferHolder.java:20)
	at fr.xephi.authme.libs.com.maxmind.db.Reader.<init>(Reader.java:121)
	at fr.xephi.authme.service.GeoIpService.startReading(GeoIpService.java:173)
	at fr.xephi.authme.service.GeoIpService.updateDatabase(GeoIpService.java:144)
	at org.bukkit.craftbukkit.v1_16_R3.scheduler.CraftTask.run(CraftTask.java:100)
	at org.bukkit.craftbukkit.v1_16_R3.scheduler.CraftAsyncTask.run(CraftAsyncTask.java:58)
	at com.destroystokyo.paper.ServerSchedulerReportingWrapper.run(ServerSchedulerReportingWrapper.java:22)
	at java.util.concurrent.ThreadPoolExecutor.runWorker(Unknown Source)
	at java.util.concurrent.ThreadPoolExecutor$Worker.run(Unknown Source)
	at java.lang.Thread.run(Unknown Source)

[09-28 12:02:17]: [FINE] Jvd011 registered 127.0.0.1
[09-28 12:02:17]: [FINE] Jvd011 logged in 127.0.0.1
[09-28 12:02:42]: [FINE] Jvd011 logged in 127.0.0.1
[09-28 12:04:11]: [INFO] CMI has been disabled: unhooking
[09-28 12:04:11]: [INFO] AuthMe 5.6.0-beta2-b2453 disabled!
[09-28 12:06:46]: [INFO] SQLite Setup finished
[09-28 12:06:46]: [INFO] Hooked into LuckPerms!
[09-28 12:06:46]: [INFO] Hooked successfully into Essentials
[09-28 12:06:46]: [INFO] Hooked successfully into Multiverse-Core
[09-28 12:06:47]: [INFO] AuthMe 5.6.0-beta2 build n.2453 successfully enabled!
[09-28 12:07:05]: [INFO] Hooked successfully into CMI
[09-28 12:07:10]: [INFO] Downloading GEO IP database, because the old database is older than 30 days or doesn't exist
[09-28 12:07:11]: [WARN] No MaxMind credentials found in the configuration file! GeoIp protections will be disabled.
[09-28 12:07:11]: [INFO] There is no newer GEO IP database uploaded to MaxMind. Using the old one for now.
[09-28 12:07:11]: [WARN] Could not download GeoLiteAPI database [FileNotFoundException]: plugins\AuthMe\GeoLite2-Country.mmdb (Не удается найти указанный файл)
[09-28 12:07:11]: java.io.FileNotFoundException: plugins\AuthMe\GeoLite2-Country.mmdb (Не удается найти указанный файл)
	at java.io.RandomAccessFile.open0(Native Method)
	at java.io.RandomAccessFile.open(Unknown Source)
	at java.io.RandomAccessFile.<init>(Unknown Source)
	at fr.xephi.authme.libs.com.maxmind.db.BufferHolder.<init>(BufferHolder.java:20)
	at fr.xephi.authme.libs.com.maxmind.db.Reader.<init>(Reader.java:121)
	at fr.xephi.authme.service.GeoIpService.startReading(GeoIpService.java:173)
	at fr.xephi.authme.service.GeoIpService.updateDatabase(GeoIpService.java:144)
	at org.bukkit.craftbukkit.v1_16_R3.scheduler.CraftTask.run(CraftTask.java:100)
	at org.bukkit.craftbukkit.v1_16_R3.scheduler.CraftAsyncTask.run(CraftAsyncTask.java:58)
	at com.destroystokyo.paper.ServerSchedulerReportingWrapper.run(ServerSchedulerReportingWrapper.java:22)
	at java.util.concurrent.ThreadPoolExecutor.runWorker(Unknown Source)
	at java.util.concurrent.ThreadPoolExecutor$Worker.run(Unknown Source)
	at java.lang.Thread.run(Unknown Source)

[09-28 12:09:05]: [FINE] Jvd011 logged in 127.0.0.1
[09-28 12:10:08]: [INFO] CMI has been disabled: unhooking
[09-28 12:10:08]: [INFO] AuthMe 5.6.0-beta2-b2453 disabled!
[09-28 12:23:47]: [INFO] SQLite Setup finished
[09-28 12:23:48]: [INFO] Hooked into LuckPerms!
[09-28 12:23:48]: [INFO] Hooked successfully into Essentials
[09-28 12:23:48]: [INFO] Hooked successfully into Multiverse-Core
[09-28 12:23:49]: [INFO] AuthMe 5.6.0-beta2 build n.2453 successfully enabled!
[09-28 12:24:07]: [INFO] Hooked successfully into CMI
[09-28 12:24:12]: [INFO] Downloading GEO IP database, because the old database is older than 30 days or doesn't exist
[09-28 12:24:13]: [WARN] No MaxMind credentials found in the configuration file! GeoIp protections will be disabled.
[09-28 12:24:13]: [INFO] There is no newer GEO IP database uploaded to MaxMind. Using the old one for now.
[09-28 12:24:13]: [WARN] Could not download GeoLiteAPI database [FileNotFoundException]: plugins\AuthMe\GeoLite2-Country.mmdb (Не удается найти указанный файл)
[09-28 12:24:13]: java.io.FileNotFoundException: plugins\AuthMe\GeoLite2-Country.mmdb (Не удается найти указанный файл)
	at java.io.RandomAccessFile.open0(Native Method)
	at java.io.RandomAccessFile.open(Unknown Source)
	at java.io.RandomAccessFile.<init>(Unknown Source)
	at fr.xephi.authme.libs.com.maxmind.db.BufferHolder.<init>(BufferHolder.java:20)
	at fr.xephi.authme.libs.com.maxmind.db.Reader.<init>(Reader.java:121)
	at fr.xephi.authme.service.GeoIpService.startReading(GeoIpService.java:173)
	at fr.xephi.authme.service.GeoIpService.updateDatabase(GeoIpService.java:144)
	at org.bukkit.craftbukkit.v1_16_R3.scheduler.CraftTask.run(CraftTask.java:100)
	at org.bukkit.craftbukkit.v1_16_R3.scheduler.CraftAsyncTask.run(CraftAsyncTask.java:58)
	at com.destroystokyo.paper.ServerSchedulerReportingWrapper.run(ServerSchedulerReportingWrapper.java:22)
	at java.util.concurrent.ThreadPoolExecutor.runWorker(Unknown Source)
	at java.util.concurrent.ThreadPoolExecutor$Worker.run(Unknown Source)
	at java.lang.Thread.run(Unknown Source)

[09-28 12:26:17]: [FINE] Jvd011 logged in 127.0.0.1
[09-28 17:18:36]: [INFO] SQLite Setup finished
[09-28 17:18:37]: [INFO] Hooked into LuckPerms!
[09-28 17:18:37]: [INFO] Hooked successfully into Essentials
[09-28 17:18:37]: [INFO] Hooked successfully into Multiverse-Core
[09-28 17:18:38]: [INFO] AuthMe 5.6.0-beta2 build n.2453 successfully enabled!
[09-28 17:18:59]: [INFO] Hooked successfully into CMI
[09-28 17:19:04]: [INFO] Downloading GEO IP database, because the old database is older than 30 days or doesn't exist
[09-28 17:19:04]: [WARN] No MaxMind credentials found in the configuration file! GeoIp protections will be disabled.
[09-28 17:19:04]: [INFO] There is no newer GEO IP database uploaded to MaxMind. Using the old one for now.
[09-28 17:19:04]: [WARN] Could not download GeoLiteAPI database [FileNotFoundException]: plugins\AuthMe\GeoLite2-Country.mmdb (Не удается найти указанный файл)
[09-28 17:19:04]: java.io.FileNotFoundException: plugins\AuthMe\GeoLite2-Country.mmdb (Не удается найти указанный файл)
	at java.io.RandomAccessFile.open0(Native Method)
	at java.io.RandomAccessFile.open(Unknown Source)
	at java.io.RandomAccessFile.<init>(Unknown Source)
	at fr.xephi.authme.libs.com.maxmind.db.BufferHolder.<init>(BufferHolder.java:20)
	at fr.xephi.authme.libs.com.maxmind.db.Reader.<init>(Reader.java:121)
	at fr.xephi.authme.service.GeoIpService.startReading(GeoIpService.java:173)
	at fr.xephi.authme.service.GeoIpService.updateDatabase(GeoIpService.java:144)
	at org.bukkit.craftbukkit.v1_16_R3.scheduler.CraftTask.run(CraftTask.java:100)
	at org.bukkit.craftbukkit.v1_16_R3.scheduler.CraftAsyncTask.run(CraftAsyncTask.java:58)
	at com.destroystokyo.paper.ServerSchedulerReportingWrapper.run(ServerSchedulerReportingWrapper.java:22)
	at java.util.concurrent.ThreadPoolExecutor.runWorker(Unknown Source)
	at java.util.concurrent.ThreadPoolExecutor$Worker.run(Unknown Source)
	at java.lang.Thread.run(Unknown Source)

[09-28 17:26:28]: [FINE] Jvd011 logged in 127.0.0.1
[09-28 17:27:22]: [FINE] Jvd011 logged in 127.0.0.1
[09-28 17:42:09]: [INFO] CMI has been disabled: unhooking
[09-28 17:42:11]: [INFO] AuthMe 5.6.0-beta2-b2453 disabled!
